<?xml version="1.0" encoding="UTF-8"?>
<!-- Generated by org.testng.reporters.JUnitXMLReporter -->
<testsuite hostname="Sathya" ignored="0" name="Default test(failed)" tests="1" failures="0" timestamp="31 Mar 2020 09:43:32 GMT" time="6.369" errors="0">
  <testcase name="@BeforeTest beforeTest" time="6.287" classname="com.systech.tradewinds.sdms.Test.LoginTest">
    <failure type="org.openqa.selenium.SessionNotCreatedException" message="session not created: This version of ChromeDriver only supports Chrome version 78
Build info: version: &amp;apos;3.141.59&amp;apos;, revision: &amp;apos;e82be7d358&amp;apos;, time: &amp;apos;2018-11-14T08:17:03&amp;apos;
System info: host: &amp;apos;SATHYA&amp;apos;, ip: &amp;apos;192.168.56.1&amp;apos;, os.name: &amp;apos;Windows 7&amp;apos;, os.arch: &amp;apos;amd64&amp;apos;, os.version: &amp;apos;6.1&amp;apos;, java.version: &amp;apos;1.8.0_221&amp;apos;
Driver info: driver.version: ChromeDriver
remote stacktrace: Backtrace:
	Ordinal0 [0x0122A903+1550595]
	Ordinal0 [0x011AA701+1025793]
	Ordinal0 [0x0112C6E5+509669]
	Ordinal0 [0x010BFC68+64616]
	Ordinal0 [0x010BC594+50580]
	Ordinal0 [0x010DACE7+175335]
	Ordinal0 [0x010DA8ED+174317]
	Ordinal0 [0x010D8CDB+167131]
	Ordinal0 [0x010C144A+70730]
	Ordinal0 [0x010C24D0+74960]
	Ordinal0 [0x010C2469+74857]
	Ordinal0 [0x011C42C7+1131207]
	GetHandleVerifier [0x012C70FD+523789]
	GetHandleVerifier [0x012C6E90+523168]
	GetHandleVerifier [0x012CE1E7+552695]
	GetHandleVerifier [0x012C78FA+525834]
	Ordinal0 [0x011BB7FC+1095676]
	Ordinal0 [0x011C633B+1139515]
	Ordinal0 [0x011C64A3+1139875]
	Ordinal0 [0x011C5425+1135653]
	BaseThreadInitThunk [0x76BA33CA+18]
	RtlInitializeExceptionChain [0x77209ED2+99]
	RtlInitializeExceptionChain [0x77209EA5+54]
">
      <![CDATA[org.openqa.selenium.SessionNotCreatedException: session not created: This version of ChromeDriver only supports Chrome version 78
Build info: version: '3.141.59', revision: 'e82be7d358', time: '2018-11-14T08:17:03'
System info: host: 'SATHYA', ip: '192.168.56.1', os.name: 'Windows 7', os.arch: 'amd64', os.version: '6.1', java.version: '1.8.0_221'
Driver info: driver.version: ChromeDriver
remote stacktrace: Backtrace:
Ordinal0 [0x0122A903+1550595]
Ordinal0 [0x011AA701+1025793]
Ordinal0 [0x0112C6E5+509669]
Ordinal0 [0x010BFC68+64616]
Ordinal0 [0x010BC594+50580]
Ordinal0 [0x010DACE7+175335]
Ordinal0 [0x010DA8ED+174317]
Ordinal0 [0x010D8CDB+167131]
Ordinal0 [0x010C144A+70730]
Ordinal0 [0x010C24D0+74960]
Ordinal0 [0x010C2469+74857]
Ordinal0 [0x011C42C7+1131207]
GetHandleVerifier [0x012C70FD+523789]
GetHandleVerifier [0x012C6E90+523168]
GetHandleVerifier [0x012CE1E7+552695]
GetHandleVerifier [0x012C78FA+525834]
Ordinal0 [0x011BB7FC+1095676]
Ordinal0 [0x011C633B+1139515]
Ordinal0 [0x011C64A3+1139875]
Ordinal0 [0x011C5425+1135653]
BaseThreadInitThunk [0x76BA33CA+18]
RtlInitializeExceptionChain [0x77209ED2+99]
RtlInitializeExceptionChain [0x77209EA5+54]

at org.openqa.selenium.remote.W3CHandshakeResponse.lambda$errorHandler$0(W3CHandshakeResponse.java:62)
at org.openqa.selenium.remote.HandshakeResponse.lambda$getResponseFunction$0(HandshakeResponse.java:30)
at org.openqa.selenium.remote.ProtocolHandshake.lambda$createSession$0(ProtocolHandshake.java:126)
at java.util.stream.ReferencePipeline$3$1.accept(Unknown Source)
at java.util.Spliterators$ArraySpliterator.tryAdvance(Unknown Source)
at java.util.stream.ReferencePipeline.forEachWithCancel(Unknown Source)
at java.util.stream.AbstractPipeline.copyIntoWithCancel(Unknown Source)
at java.util.stream.AbstractPipeline.copyInto(Unknown Source)
at java.util.stream.AbstractPipeline.wrapAndCopyInto(Unknown Source)
at java.util.stream.FindOps$FindOp.evaluateSequential(Unknown Source)
at java.util.stream.AbstractPipeline.evaluate(Unknown Source)
at java.util.stream.ReferencePipeline.findFirst(Unknown Source)
at org.openqa.selenium.remote.ProtocolHandshake.createSession(ProtocolHandshake.java:128)
at org.openqa.selenium.remote.ProtocolHandshake.createSession(ProtocolHandshake.java:74)
at org.openqa.selenium.remote.HttpCommandExecutor.execute(HttpCommandExecutor.java:136)
at org.openqa.selenium.remote.service.DriverCommandExecutor.execute(DriverCommandExecutor.java:83)
at org.openqa.selenium.remote.RemoteWebDriver.execute(RemoteWebDriver.java:552)
at org.openqa.selenium.remote.RemoteWebDriver.startSession(RemoteWebDriver.java:213)
at org.openqa.selenium.remote.RemoteWebDriver.<init>(RemoteWebDriver.java:131)
at org.openqa.selenium.chrome.ChromeDriver.<init>(ChromeDriver.java:181)
at org.openqa.selenium.chrome.ChromeDriver.<init>(ChromeDriver.java:168)
at org.openqa.selenium.chrome.ChromeDriver.<init>(ChromeDriver.java:123)
at com.systech.tradewinds.sdms.common.BasePage.invokeBrowser(BasePage.java:26)
at com.systech.tradewinds.sdms.Test.LoginTest.beforeTest(LoginTest.java:33)
... Removed 28 stack frames]]>
    </failure>
  </testcase> <!-- @BeforeTest beforeTest -->
  <testcase name="@AfterTest afterTest" time="0.0" classname="com.systech.tradewinds.sdms.Test.LoginTest">
    <skipped/>
  </testcase> <!-- @AfterTest afterTest -->
  <testcase name="login" time="0.0" classname="com.systech.tradewinds.sdms.Test.LoginTest">
    <skipped/>
  </testcase> <!-- login -->
</testsuite> <!-- Default test(failed) -->
