<?xml version="1.0" encoding="UTF-8"?>
<!-- Generated by org.testng.reporters.JUnitXMLReporter -->
<testsuite hostname="Sathya" ignored="0" name="Default test" tests="17" failures="0" timestamp="04 Aug 2020 16:49:43 GMT" time="143.739" errors="0">
  <testcase name="@AfterTest afterTest" time="0.022" classname="com.systech.tradewinds.sdms.Test.LoginTest">
    <failure type="org.openqa.selenium.NoSuchWindowException" message="no such window: target window already closed
from unknown error: web view not found
  (Session info: chrome=84.0.4147.105)
Build info: version: &amp;apos;3.141.59&amp;apos;, revision: &amp;apos;e82be7d358&amp;apos;, time: &amp;apos;2018-11-14T08:17:03&amp;apos;
System info: host: &amp;apos;SATHYA&amp;apos;, ip: &amp;apos;192.168.56.1&amp;apos;, os.name: &amp;apos;Windows 7&amp;apos;, os.arch: &amp;apos;amd64&amp;apos;, os.version: &amp;apos;6.1&amp;apos;, java.version: &amp;apos;1.8.0_221&amp;apos;
Driver info: org.openqa.selenium.chrome.ChromeDriver
Capabilities {acceptInsecureCerts: true, browserName: chrome, browserVersion: 84.0.4147.105, chrome: {chromedriverVersion: 83.0.4103.39 (ccbf011cb2d2b..., userDataDir: C:\Users\Systech\AppData\Lo...}, goog:chromeOptions: {debuggerAddress: localhost:53142}, javascriptEnabled: true, networkConnectionEnabled: false, pageLoadStrategy: normal, platform: WINDOWS, platformName: WINDOWS, proxy: Proxy(), setWindowRect: true, strictFileInteractability: false, timeouts: {implicit: 0, pageLoad: 300000, script: 30000}, unhandledPromptBehavior: dismiss and notify, webauthn:virtualAuthenticators: true}
Session ID: 942740cce18f5d72a4ff5a029351f4d1
*** Element info: {Using=xpath, value=//*[@id=&amp;apos;j_idt19&amp;apos;]}">
      <![CDATA[org.openqa.selenium.NoSuchWindowException: no such window: target window already closed
from unknown error: web view not found
  (Session info: chrome=84.0.4147.105)
Build info: version: '3.141.59', revision: 'e82be7d358', time: '2018-11-14T08:17:03'
System info: host: 'SATHYA', ip: '192.168.56.1', os.name: 'Windows 7', os.arch: 'amd64', os.version: '6.1', java.version: '1.8.0_221'
Driver info: org.openqa.selenium.chrome.ChromeDriver
Capabilities {acceptInsecureCerts: true, browserName: chrome, browserVersion: 84.0.4147.105, chrome: {chromedriverVersion: 83.0.4103.39 (ccbf011cb2d2b..., userDataDir: C:\Users\Systech\AppData\Lo...}, goog:chromeOptions: {debuggerAddress: localhost:53142}, javascriptEnabled: true, networkConnectionEnabled: false, pageLoadStrategy: normal, platform: WINDOWS, platformName: WINDOWS, proxy: Proxy(), setWindowRect: true, strictFileInteractability: false, timeouts: {implicit: 0, pageLoad: 300000, script: 30000}, unhandledPromptBehavior: dismiss and notify, webauthn:virtualAuthenticators: true}
Session ID: 942740cce18f5d72a4ff5a029351f4d1
*** Element info: {Using=xpath, value=//*[@id='j_idt19']}
at sun.reflect.GeneratedConstructorAccessor18.newInstance(Unknown Source)
at sun.reflect.DelegatingConstructorAccessorImpl.newInstance(Unknown Source)
at java.lang.reflect.Constructor.newInstance(Unknown Source)
at org.openqa.selenium.remote.http.W3CHttpResponseCodec.createException(W3CHttpResponseCodec.java:187)
at org.openqa.selenium.remote.http.W3CHttpResponseCodec.decode(W3CHttpResponseCodec.java:122)
at org.openqa.selenium.remote.http.W3CHttpResponseCodec.decode(W3CHttpResponseCodec.java:49)
at org.openqa.selenium.remote.HttpCommandExecutor.execute(HttpCommandExecutor.java:158)
at org.openqa.selenium.remote.service.DriverCommandExecutor.execute(DriverCommandExecutor.java:83)
at org.openqa.selenium.remote.RemoteWebDriver.execute(RemoteWebDriver.java:552)
at org.openqa.selenium.remote.RemoteWebDriver.findElement(RemoteWebDriver.java:323)
at org.openqa.selenium.remote.RemoteWebDriver.findElementByXPath(RemoteWebDriver.java:428)
at org.openqa.selenium.By$ByXPath.findElement(By.java:353)
at org.openqa.selenium.remote.RemoteWebDriver.findElement(RemoteWebDriver.java:315)
at org.openqa.selenium.support.pagefactory.DefaultElementLocator.findElement(DefaultElementLocator.java:69)
at org.openqa.selenium.support.pagefactory.internal.LocatingElementHandler.invoke(LocatingElementHandler.java:38)
at com.sun.proxy.$Proxy10.isDisplayed(Unknown Source)
at com.systech.tradewinds.sdms.common.BasePage.btnClick(BasePage.java:494)
at com.systech.tradewinds.sdms.Test.LoginTest.afterTest(LoginTest.java:75)
at sun.reflect.NativeMethodAccessorImpl.invoke0(Native Method)
at sun.reflect.NativeMethodAccessorImpl.invoke(Unknown Source)
at sun.reflect.DelegatingMethodAccessorImpl.invoke(Unknown Source)
at java.lang.reflect.Method.invoke(Unknown Source)
at org.testng.internal.MethodInvocationHelper.invokeMethod(MethodInvocationHelper.java:124)
at org.testng.internal.MethodInvocationHelper.invokeMethodConsideringTimeout(MethodInvocationHelper.java:59)
at org.testng.internal.Invoker.invokeConfigurationMethod(Invoker.java:458)
at org.testng.internal.Invoker.invokeConfigurations(Invoker.java:222)
at org.testng.internal.Invoker.invokeConfigurations(Invoker.java:142)
at org.testng.TestRunner.afterRun(TestRunner.java:725)
at org.testng.TestRunner.run(TestRunner.java:509)
at org.testng.SuiteRunner.runTest(SuiteRunner.java:455)
at org.testng.SuiteRunner.runSequentially(SuiteRunner.java:450)
at org.testng.SuiteRunner.privateRun(SuiteRunner.java:415)
at org.testng.SuiteRunner.run(SuiteRunner.java:364)
at org.testng.SuiteRunnerWorker.runSuite(SuiteRunnerWorker.java:52)
at org.testng.SuiteRunnerWorker.run(SuiteRunnerWorker.java:84)
at org.testng.TestNG.runSuitesSequentially(TestNG.java:1208)
at org.testng.TestNG.runSuitesLocally(TestNG.java:1137)
at org.testng.TestNG.runSuites(TestNG.java:1049)
at org.testng.TestNG.run(TestNG.java:1017)
at org.testng.remote.AbstractRemoteTestNG.run(AbstractRemoteTestNG.java:115)
at org.testng.remote.RemoteTestNG.initAndRun(RemoteTestNG.java:251)
at org.testng.remote.RemoteTestNG.main(RemoteTestNG.java:77)
]]>
    </failure>
  </testcase> <!-- @AfterTest afterTest -->
  <testcase name="login" time="0.948" classname="com.systech.tradewinds.sdms.Test.LoginTest"/>
  <testcase name="inserServiceItem" time="137.646" classname="com.systech.tradewinds.sdms.Test.ServiceMasterTest"/>
  <testcase name="inserServiceItem" time="0.022" classname="com.systech.tradewinds.sdms.Test.ServiceMasterTest"/>
  <testcase name="inserServiceItem" time="0.009" classname="com.systech.tradewinds.sdms.Test.ServiceMasterTest"/>
  <testcase name="inserServiceItem" time="0.007" classname="com.systech.tradewinds.sdms.Test.ServiceMasterTest"/>
  <testcase name="inserServiceItem" time="0.019" classname="com.systech.tradewinds.sdms.Test.ServiceMasterTest"/>
  <testcase name="inserServiceItem" time="0.012" classname="com.systech.tradewinds.sdms.Test.ServiceMasterTest"/>
  <testcase name="inserServiceItem" time="0.012" classname="com.systech.tradewinds.sdms.Test.ServiceMasterTest"/>
  <testcase name="inserServiceItem" time="0.011" classname="com.systech.tradewinds.sdms.Test.ServiceMasterTest"/>
  <testcase name="inserServiceItem" time="0.007" classname="com.systech.tradewinds.sdms.Test.ServiceMasterTest"/>
  <testcase name="inserServiceItem" time="0.01" classname="com.systech.tradewinds.sdms.Test.ServiceMasterTest"/>
  <testcase name="inserServiceItem" time="0.01" classname="com.systech.tradewinds.sdms.Test.ServiceMasterTest"/>
  <testcase name="inserServiceItem" time="0.008" classname="com.systech.tradewinds.sdms.Test.ServiceMasterTest"/>
  <testcase name="inserServiceItem" time="0.009" classname="com.systech.tradewinds.sdms.Test.ServiceMasterTest"/>
  <testcase name="inserServiceItem" time="0.01" classname="com.systech.tradewinds.sdms.Test.ServiceMasterTest"/>
  <testcase name="inserServiceItem" time="0.008" classname="com.systech.tradewinds.sdms.Test.ServiceMasterTest"/>
  <testcase name="inserServiceItem" time="0.013" classname="com.systech.tradewinds.sdms.Test.ServiceMasterTest"/>
</testsuite> <!-- Default test -->
